/*C1*/SET SCHEMA PUBLIC
CONNECT USER SA
/*C2*/SET SCHEMA PUBLIC
CONNECT USER SA
/*C1*/SET AUTOCOMMIT FALSE
DELETE FROM NR WHERE ID=0
INSERT INTO NR VALUES(0,'relation','isR','relation',851,414,-16776961)
SET AUTOCOMMIT TRUE
SET AUTOCOMMIT FALSE
DELETE FROM NA WHERE ID=1
INSERT INTO NA VALUES(1,'ads','isA',0,593,769,NULL)
SET AUTOCOMMIT TRUE
SET AUTOCOMMIT FALSE
DELETE FROM NA WHERE ID=2
INSERT INTO NA VALUES(2,'test2','isA',1,176,633,NULL)
SET AUTOCOMMIT TRUE
SET AUTOCOMMIT FALSE
DELETE FROM NA WHERE ID=0
INSERT INTO NA VALUES(0,'ddd','isA',0,176,195,NULL)
SET AUTOCOMMIT TRUE
SET AUTOCOMMIT FALSE
DELETE FROM NA WHERE ID=3
INSERT INTO NA VALUES(3,'ads','isA',2,593,59,NULL)
SET AUTOCOMMIT TRUE
SET AUTOCOMMIT FALSE
DELETE FROM NR WHERE ID=0
INSERT INTO NR VALUES(0,'relation','isR','relation',851,414,-16776961)
SET AUTOCOMMIT TRUE
SET AUTOCOMMIT FALSE
DELETE FROM NA WHERE ID=1
INSERT INTO NA VALUES(1,'ads','isA',0,593,769,NULL)
SET AUTOCOMMIT TRUE
SET AUTOCOMMIT FALSE
DELETE FROM NA WHERE ID=2
INSERT INTO NA VALUES(2,'test2','isA',1,176,633,NULL)
SET AUTOCOMMIT TRUE
SET AUTOCOMMIT FALSE
DELETE FROM NA WHERE ID=0
INSERT INTO NA VALUES(0,'ddd','isA',0,176,195,NULL)
SET AUTOCOMMIT TRUE
SET AUTOCOMMIT FALSE
DELETE FROM NA WHERE ID=3
INSERT INTO NA VALUES(3,'ads','isA',2,593,59,NULL)
SET AUTOCOMMIT TRUE
SET AUTOCOMMIT FALSE
DELETE FROM NA WHERE ID=3
INSERT INTO NA VALUES(3,'ads','isA',2,586,425,NULL)
SET AUTOCOMMIT TRUE
SET AUTOCOMMIT FALSE
DELETE FROM NA WHERE ID=0
INSERT INTO NA VALUES(0,'ddd','isA',0,285,524,NULL)
SET AUTOCOMMIT TRUE
SET AUTOCOMMIT FALSE
DELETE FROM NA WHERE ID=0
INSERT INTO NA VALUES(0,'ddd','isA',0,459,259,NULL)
SET AUTOCOMMIT TRUE
SET AUTOCOMMIT FALSE
DELETE FROM NA WHERE ID=0
INSERT INTO NA VALUES(0,'ddd','isA',0,666,299,NULL)
SET AUTOCOMMIT TRUE
SET AUTOCOMMIT FALSE
DELETE FROM NR WHERE ID=0
INSERT INTO NR VALUES(0,'relation','isR','relation',364,402,-16776961)
SET AUTOCOMMIT TRUE
SET AUTOCOMMIT FALSE
DELETE FROM NA WHERE ID=3
INSERT INTO NA VALUES(3,'ads','isA',2,661,541,NULL)
SET AUTOCOMMIT TRUE
